<listTable>

    <groupList groupName="(debug)">
        <file path="data/objects/2d/objectDataList/debug.lst"/>
    </groupList>
    
    <groupList groupName="(startup)">
        <file path="data/objects/2d/objectDataList/startupDataList.lst"/>
    </groupList>

    <groupList groupName="(loadingScreen)">
        <file path="data/objects/2d/objectDataList/loadingScreenDataList.lst"/>
    </groupList>

    <groupList groupName="(menu)">
        <file path="data/objects/2d/objectDataList/keybindingMenu.lst"/>
        <file path="data/objects/2d/objectDataList/menuOther.lst"/>
        <file path="data/objects/2d/objectDataList/menuBackgrounds.lst"/>
        <file path="data/objects/2d/objectDataList/menuGeneric.lst"/>
    </groupList>

    <groupList groupName="(title_screen)">
        <file path="data/objects/2d/objectDataList/titleScreenDataList.lst"/>
    </groupList>
    
    <groupList groupName="(run)">
        <file path="data/objects/2d/objectDataList/games/run/ballDataList.lst"/>
        <file path="data/objects/2d/objectDataList/games/run/stage1DataList.lst"/>
    </groupList>
  
</listTable>
