<listTable mobileExt="_mobile">

    <groupList groupName="(debug)">
        <file path="data/objects/2d/objectDataList/debug.lst"/>
    </groupList>
    
    <groupList groupName="(startup)">
        <file path="data/objects/2d/objectDataList/startupDataList.lst"/>
    </groupList>

    <groupList groupName="(loadingScreen)">
        <file path="data/objects/2d/objectDataList/loadingScreenDataList.lst"/>
    </groupList>

    <groupList groupName="(menu)">
        <file path="data/objects/2d/objectDataList/keybindingMenu.lst"/>
        <file path="data/objects/2d/objectDataList/menuOther.lst"/>
        <file path="data/objects/2d/objectDataList/menuBackgrounds.lst"/>
        <file path="data/objects/2d/objectDataList/menuGeneric.lst"/>
    </groupList>
    
    <groupList groupName="(menu)_mobile">
        <file path="data/objects/2d/objectDataList/menuBackgrounds_mobile.lst"/>
        <file path="data/objects/2d/objectDataList/menuGeneric_mobile.lst"/>
    </groupList>
    
    <groupList groupName="(lobby)">
        <file path="data/objects/2d/objectDataList/games/lobby/lobbyData.lst"/>
    </groupList>

    <groupList groupName="(big_cash_back)">
        <file path="data/objects/2d/objectDataList/games/bigCashBack/basegame.lst"/>
	<file path="data/objects/2d/objectDataList/games/bigCashBack/symbolDataList.lst"/>
        <file path="data/objects/2d/objectDataList/games/bigCashBack/miscDataList.lst"/>
    </groupList>
  
</listTable>
