<objectDataList2D>

    <!-- DEFAULT DEFAULT DEFAULT DEFAULT DEFAULT DEFAULT DEFAULT DEFAULT -->
    <default  name="">
        <visual>
            <texture count="0" file="" compressed="false"/>
            <mesh genType="quad" file="">
                <spriteSheet defIndex="0" glyphCount="0" columns="0"/>
                <scaledFrame thicknessWidth="" thicknessHeight="" centerQuad="" frameBottom=""/>
            </mesh>
            <color r="1" g="1" b="1" a="1"/>
            <shader id="shader_2d"/>
        </visual>
        <physics world="">
            <body type="" linearDamping="0" angularDamping="0" fixedRotation="false"/>
            <fixtureLst>
                <fixture shape="" radius="0" chainLoop="false" friction="0.2" density="0.2" restitution="0.2">
                    <!-- vert list for polygon shapes - max of 8
                    Box2D polygons are defined using Counter Clockwise Winding (CCW)
                    <vert x="" y=""/> -->
                    <sizeMod top="0" bottom="0" left="0" right="0"/>
                </fixture>
            </fixtureLst>
        </physics>
        <size width="0" height="0"/>
    </default>
    <!-- DEFAULT DEFAULT DEFAULT DEFAULT DEFAULT DEFAULT DEFAULT DEFAULT -->
  
    <objectList>

        <object name="key_bindings_menu_bg">
            <visual>
                <texture file="data/textures/menu/menu_bg.png"/>
                <mesh genType="scaled_frame">
                    <scaledFrame thicknessWidth="30" thicknessHeight="30"/>
                </mesh>
                <color r="48" g="97" b="153" a="217"/>
            </visual>
            <size width="1065" height="800"/>
        </object>

        <object name="key_binding_scroll_box_frame">
            <visual>
                <texture file="data/textures/menu/16x16_2_pixel_frame.png"/>
                <mesh genType="scaled_frame">
                    <scaledFrame thicknessWidth="5" thicknessHeight="5" centerQuad="false"/>
                </mesh>
                <color r="36" g="82" b="115" a="1"/>
            </visual>
            <size width="930" height="562"/>
        </object>

        <object name="key_binding_slider_frame">
            <visual>
                <texture file="data/textures/menu/16x16_2_pixel_frame.png"/>
                <mesh genType="scaled_frame">
                    <scaledFrame thicknessWidth="5" thicknessHeight="5" centerQuad="false"/>
                </mesh>
                <color r="48" g="97" b="153" a="1"/>
            </visual>
            <size width="10" height="560"/>
        </object>
        
        <object name="key_binding_button_frame">
            <visual>
                <texture file="data/textures/menu/16x16_3_pixel_frame.png"/>
                <mesh genType="scaled_frame" file="data/objects/2d/mesh/menu/key_binding_button_frame.2dm">
                    <scaledFrame thicknessWidth="5" thicknessHeight="5" centerQuad="false"/>
                </mesh>
                <color r="48" g="97" b="153" a="217"/>
            </visual>
            <size width="908" height="40"/>
        </object>

        <object name="key_binding_button_solid">
            <visual>
                <shader id="shader_solid_2d"/>
                <color r="25" g="54" b="84" a="0.8"/>
            </visual>
            <size width="904" height="36"/>
        </object>

        <object name="key_binding_scroll_box_mask">
            <visual>
                <shader id="shader_solid_2d"/>
                <color r="1" g="1" b="1" a="1"/>
            </visual>
            <size width="916" height="548"/>
        </object>
        
        <object name="key_binding_reset_button_frame">
            <visual>
                <texture file="data/textures/menu/16x16_3_pixel_frame.png"/>
                <mesh genType="scaled_frame">
                    <scaledFrame thicknessWidth="5" thicknessHeight="5" centerQuad="false"/>
                </mesh>
                <color r="48" g="97" b="153" a="217"/>
            </visual>
            <size width="908" height="40"/>
        </object>

    </objectList>

</objectDataList2D>

