<objectDataList2D>

    <!-- DEFAULT DEFAULT DEFAULT DEFAULT DEFAULT DEFAULT DEFAULT DEFAULT -->
    <default  name="">
        <visual>
            <texture count="0" file="" compressed="false"/>
            <mesh genType="quad" file="">
                <spriteSheet defIndex="0" glyphCount="0" columns="0"/>
                <scaledFrame thicknessWidth="" thicknessHeight="" centerQuad="" frameBottom=""/>
            </mesh>
            <color r="1" g="1" b="1" a="1"/>
            <shader id="shader_2d"/>
        </visual>
        <physics world="">
            <body type="" linearDamping="0" angularDamping="0" fixedRotation="false"/>
            <fixtureLst>
                <fixture shape="" radius="0" chainLoop="false" friction="0.2" density="0.2" restitution="0.2">
                    <!-- vert list for polygon shapes - max of 8
                    Box2D polygons are defined using Counter Clockwise Winding (CCW)
                    <vert x="" y=""/> -->
                    <sizeMod top="0" bottom="0" left="0" right="0"/>
                </fixture>
            </fixtureLst>
        </physics>
        <size width="0" height="0"/>
    </default>
    <!-- DEFAULT DEFAULT DEFAULT DEFAULT DEFAULT DEFAULT DEFAULT DEFAULT -->
  
    <objectList>

        <object name="game_settings_menu_bg">
            <visual>
                <texture file="data/textures/menu/menu_bg.png"/>
                <mesh genType="scaled_frame">
                    <scaledFrame thicknessWidth="30" thicknessHeight="30"/>
                </mesh>
                <color r="48" g="97" b="153" a="217"/>
            </visual>
            <size width="440" height="530"/>
        </object>

        <object name="confirmation_menu_bg">
            <visual>
                <texture file="data/textures/menu/menu_bg.png"/>
                <mesh genType="scaled_frame">
                    <scaledFrame thicknessWidth="30" thicknessHeight="30"/>
                </mesh>
                <color r="48" g="97" b="153" a="217"/>
            </visual>
            <size width="630" height="350"/>
        </object>
        
        <object name="buy_menu_bg">
            <visual>
                <texture file="data/textures/menu/menu_bg.png"/>
                <mesh genType="scaled_frame">
                    <scaledFrame thicknessWidth="30" thicknessHeight="30"/>
                </mesh>
                <color r="48" g="97" b="153" a="217"/>
            </visual>
            <size width="800" height="600"/>
        </object>

    </objectList>

</objectDataList2D>

