<objectDataList2D>

    <!-- DEFAULT DEFAULT DEFAULT DEFAULT DEFAULT DEFAULT DEFAULT DEFAULT -->
    <default  name="">
        <visual>
            <!-- Resolution swap only used for mobile devices - list from lowest to highest resolution -->
            <graphicResSwap>
                <res heightOrLess="1100" defaultUniformScale="1.5" ext="_720"/>
            </graphicResSwap>
            <texture file="data/textures/bigPayBack/basegame_spriteSheet.png"/>
            <mesh genType="sprite_sheet">
                <spriteSheet file="data/objects/2d/mesh/bigPayBack/basegame.xml"/>
            </mesh>
            <shader id="shader_2d_spriteSheet"/>
        </visual>
    </default>
    <!-- DEFAULT DEFAULT DEFAULT DEFAULT DEFAULT DEFAULT DEFAULT DEFAULT -->
  
    <objectList>
        
        <object name="background">
            <visual>
                <texture file="data/textures/bigPayBack/background.jpg"/>
                <mesh genType="quad">
                </mesh>
                <shader id="shader_2d"/>
            </visual>
        </object>
        
        <object name="Payback Pig">
            <visual>
                <texture file="data/textures/bigPayBack/JB.png"/>
                <mesh genType="quad">
                </mesh>
                <shader id="shader_2d"/>
            </visual>
        </object>
        
        <object name="play_btn">
            <visual>
                <mesh>
                    <spriteSheet>
                        <glyph id="record_btn"/>
                    </spriteSheet>
                </mesh>
            </visual>
        </object>
        
        <object name="play_btn_active_overlay">
            <visual>
                <mesh>
                    <spriteSheet>
                        <glyph id="record_btn_active_overlay"/>
                    </spriteSheet>
                </mesh>
            </visual>
        </object>
        
        <object name="play_btn_disabled_overlay">
            <visual>
                <mesh>
                    <spriteSheet>
                        <glyph id="record_btn_disabled_overlay"/>
                    </spriteSheet>
                </mesh>
            </visual>
        </object>
        
        <object name="play_btn_txt">
            <visual>
                <mesh>
                    <spriteSheet>
                        <glyph id="play_btn_text"/>
                        <glyph id="stop_btn_text"/>
                    </spriteSheet>
                </mesh>
            </visual>
        </object>
        
        <object name="play_btn_sparkle">
            <visual>
                <mesh>
                    <spriteSheet glyphCount="10">
                        <glyph id="spin_btn_burst_%02i"/>
                    </spriteSheet>
                </mesh>
            </visual>
        </object>
        
        <object name="home_btn">
            <visual>
                <mesh>
                    <spriteSheet>
                        <glyph id="home_btn"/>
                    </spriteSheet>
                </mesh>
            </visual>
        </object>
        
        <object name="home_btn_active_overlay">
            <visual>
                <mesh>
                    <spriteSheet>
                        <glyph id="home_btn_active_overlay"/>
                    </spriteSheet>
                </mesh>
            </visual>
        </object>
        
        <object name="home_btn_disabled_overlay">
            <visual>
                <mesh>
                    <spriteSheet>
                        <glyph id="home_btn_disabled_overlay"/>
                    </spriteSheet>
                </mesh>
            </visual>
        </object>
        
        <object name="menu_btn">
            <visual>
                <mesh>
                    <spriteSheet>
                        <glyph id="menu_btn"/>
                    </spriteSheet>
                </mesh>
            </visual>
        </object>
        
        <object name="menu_btn_active_overlay">
            <visual>
                <mesh>
                    <spriteSheet>
                        <glyph id="menu_btn_active_overlay"/>
                    </spriteSheet>
                </mesh>
            </visual>
        </object>
        
        <object name="menu_btn_disabled_overlay">
            <visual>
                <mesh>
                    <spriteSheet>
                        <glyph id="menu_btn_disabled_overlay"/>
                    </spriteSheet>
                </mesh>
            </visual>
        </object>

        <object name="buy_btn">
            <visual>
                <mesh>
                    <spriteSheet>
                        <glyph id="buy_btn"/>
                    </spriteSheet>
                </mesh>
            </visual>
        </object>
        
        <object name="buy_btn_active_overlay">
            <visual>
                <mesh>
                    <spriteSheet>
                        <glyph id="buy_btn_active_overlay"/>
                    </spriteSheet>
                </mesh>
            </visual>
        </object>
        
        <object name="buy_btn_disabled_overlay">
            <visual>
                <mesh>
                    <spriteSheet>
                        <glyph id="buy_btn_disabled_overlay"/>
                    </spriteSheet>
                </mesh>
            </visual>
        </object>
        
        <object name="arrow_btn">
            <visual>
                <mesh>
                    <spriteSheet>
                        <glyph id="arrow_btn"/>
                    </spriteSheet>
                </mesh>
            </visual>
        </object>
        
        <object name="arrow_btn_active_overlay">
            <visual>
                <mesh>
                    <spriteSheet>
                        <glyph id="arrow_btn_active_overlay"/>
                    </spriteSheet>
                </mesh>
            </visual>
        </object>
        
        <object name="arrow_btn_disabled_overlay">
            <visual>
                <mesh>
                    <spriteSheet>
                        <glyph id="arrow_btn_disabled_overlay"/>
                    </spriteSheet>
                </mesh>
            </visual>
        </object>
        
        <object name="credit_bet_meter_frame">
            <visual>
                <mesh genType="scaled_frame">
                    <scaledFrame thicknessWidth="20" thicknessHeight="20" centerQuad="true"/>
                    <spriteSheet>
                        <glyph id="meter frame"/>
                    </spriteSheet>
                </mesh>
                <color r="48" g="97" b="153" a="1"/>
                <shader id="shader_2d"/>
            </visual>
            <size width="300" height="67"/>
        </object>
        
        <object name="win_meter_frame">
            <visual>
                <mesh genType="scaled_frame">
                    <scaledFrame thicknessWidth="20" thicknessHeight="20" centerQuad="true"/>
                    <spriteSheet>
                        <glyph id="meter frame"/>
                    </spriteSheet>
                </mesh>
                <color r="48" g="97" b="153" a="1"/>
                <shader id="shader_2d"/>
            </visual>
            <size width="450" height="142"/>
        </object>
        
    </objectList>

</objectDataList2D>

