<objectDataList2D>

  <!-- DEFAULT DEFAULT DEFAULT DEFAULT DEFAULT DEFAULT DEFAULT DEFAULT -->
  <default  name="">
    <visual>
      <mesh genType="quad">
        <quad uv.x1="0" uv.y1="0" uv.x2="1" uv.y2="1"/>
        <scaledFrame thicknessWidth="" thicknessHeight="" centerQuad=""/>
        <file name=""/>
      </mesh>
      <color r="1" g="1" b="1" a="1"/>
      <shader id="shader_2d"/>
    </visual>
    <physics file="" world="" type="static">
      <size width="0" height="0"/>
      <sizeMod top="0" bottom="0" left="0" right="0"/>
      <body density="0" restitution="0" damping="0" angDamping="0" fixedRotation="false"/>
      <color r="1" g="1" b="1" a="1"/>
    </physics>
    <scale x="1" y="1" z="1"/>
    <size width="0" height="0"/>
  </default>
  <!-- DEFAULT DEFAULT DEFAULT DEFAULT DEFAULT DEFAULT DEFAULT DEFAULT -->
  
  <objectList>

    <object name="pause_menu_bg">
      <visual>
        <texture file="data/textures/menu/menu_bg.png"/>
        <mesh genType="scaled_frame">
          <scaledFrame thicknessWidth="30" thicknessHeight="30"/>
        </mesh>
        <color r="48" g="97" b="153" a="217"/>
      </visual>
      <size width="355" height="395"/>
    </object>

    <object name="settings_menu_bg">
      <visual>
        <texture file="data/textures/menu/menu_bg.png"/>
        <mesh genType="scaled_frame">
          <scaledFrame thicknessWidth="30" thicknessHeight="30"/>
        </mesh>
        <color r="48" g="97" b="153" a="217"/>
      </visual>
      <size width="315" height="440"/>
    </object>

    <object name="key_bindings_menu_bg">
      <visual>
        <texture file="data/textures/menu/menu_bg.png"/>
        <mesh genType="scaled_frame">
          <scaledFrame thicknessWidth="30" thicknessHeight="30"/>
        </mesh>
        <color r="48" g="97" b="153" a="217"/>
      </visual>
      <size width="1065" height="735"/>
    </object>

    <object name="confirmation_menu_bg">
      <visual>
        <texture file="data/textures/menu/menu_bg.png"/>
        <mesh genType="scaled_frame">
          <scaledFrame thicknessWidth="30" thicknessHeight="30"/>
        </mesh>
        <color r="48" g="97" b="153" a="217"/>
      </visual>
      <size width="545" height="295"/>
    </object>

  </objectList>

</objectDataList2D>

