<objectDataList2D>

    <!-- DEFAULT DEFAULT DEFAULT DEFAULT DEFAULT DEFAULT DEFAULT DEFAULT -->
    <default  name="">
        <visual>
            <texture count="0" file="" compressed="false"/>
            <mesh genType="quad" file="">
                <spriteSheet defIndex="0" glyphCount="0" columns="0"/>
                <scaledFrame thicknessWidth="" thicknessHeight="" centerQuad="false" frameBottom=""/>
            </mesh>
            <color r="1" g="1" b="1" a="1"/>
            <shader id="shader_2d"/>
        </visual>
        <physics world="">
            <body type="" linearDamping="0" angularDamping="0" fixedRotation="false"/>
            <fixtureLst>
                <fixture shape="" radius="0" chainLoop="false" friction="0.2" density="0.2" restitution="0.2">
                    <!-- vert list for polygon shapes - max of 8
                    Box2D polygons are defined using Counter Clockwise Winding (CCW)
                    <vert x="" y=""/> -->
                    <sizeMod top="0" bottom="0" left="0" right="0"/>
                </fixture>
            </fixtureLst>
        </physics>
        <size width="0" height="0"/>
    </default>
    <!-- DEFAULT DEFAULT DEFAULT DEFAULT DEFAULT DEFAULT DEFAULT DEFAULT -->

    <objectList>

        <object name="label_font">
            <visual>
                <mesh genType="font"/>
                <color r="64" g="125" b="192" a="1"/>
            </visual>
        </object>

        <object name="control_font">
            <visual>
                <mesh genType="font"/>
                <color r="64" g="125" b="192" a="1"/>
            </visual>
        </object>

        <object name="420x100_button_frame">
            <visual>
                <texture file="data/textures/menu/20x20_5_pixel_frame.png"/>
                <mesh genType="scaled_frame">
                    <scaledFrame thicknessWidth="7" thicknessHeight="7"/>
                </mesh>
                <color r="48" g="97" b="153" a="217"/>
            </visual>
            <size width="420" height="100"/>
        </object>

        <object name="420x100_button_solid">
            <visual>
                <shader id="shader_solid_2d"/>
                <color r="25" g="54" b="84" a="0.8"/>
            </visual>
            <size width="415" height="95"/>
        </object>

        <object name="150x75_button_frame">
            <visual>
                <texture file="data/textures/menu/18x18_4_pixel_frame.png"/>
                <mesh genType="scaled_frame">
                    <scaledFrame thicknessWidth="7" thicknessHeight="7"/>
                </mesh>
                <color r="48" g="97" b="153" a="217"/>
            </visual>
            <size width="150" height="75"/>
        </object>

        <object name="150x75_button_solid">
            <visual>
                <shader id="shader_solid_2d"/>
                <color r="25" g="54" b="84" a="0.8"/>
            </visual>
            <size width="145" height="70"/>
        </object>

    </objectList>

</objectDataList2D>

