<objectDataList2D>

    <!-- DEFAULT DEFAULT DEFAULT DEFAULT DEFAULT DEFAULT DEFAULT DEFAULT -->
    <default  name="">
        <visual>
            <!-- Resolution swap only used for mobile devices - list from lowest to highest resolution -->
            <graphicResSwap>
                <res heightOrLess="800" defaultUniformScale="1.5" ext="_720"/>
            </graphicResSwap>
            <texture file="data/textures/games/bigCashBack/basegame_spriteSheet.png" compressed="false"/>
            <mesh genType="sprite_sheet">
                <spriteSheet file="data/objects/2d/mesh/games/bigCashBack/basegame.xml">
                    <!--
                    <glyph id="weaponicons (2)"/>
                    <glyph id="pomel (14)"/> -->
                </spriteSheet>
                <scaledFrame thicknessWidth="" thicknessHeight="" centerQuad="" frameBottom=""/>
            </mesh>
            <color r="1" g="1" b="1" a="1"/>
            <shader id="shader_2d_spriteSheet"/>
        </visual>
        <physics world="">
            <body type="" linearDamping="0" angularDamping="0" fixedRotation="false"/>
            <fixtureLst>
                <fixture shape="" radius="0" chainLoop="false" friction="0.2" density="0.2" restitution="0.2">
                    <!-- <collisionFilter categoryBits="" maskBits="" groupIndex=""/> -->
                    <!-- <vertLst>
                    vert list for polygon shapes - max of 8
                    Box2D polygons are defined using Counter Clockwise Winding (CCW)
                    <vert x="" y=""/>
                    </vertLst> -->
                    <sizeMod top="0" bottom="0" left="0" right="0"/>
                </fixture>
            </fixtureLst>
        </physics>
        <size width="0" height="0"/>
    </default>
    <!-- DEFAULT DEFAULT DEFAULT DEFAULT DEFAULT DEFAULT DEFAULT DEFAULT -->
  
    <objectList>
        
        <object name="background">
            <visual>
                <texture file="data/textures/games/bigCashBack/background.png"/>
                <mesh genType="quad">
                    <file name=""/>
                </mesh>
                <shader id="shader_2d"/>
            </visual>
        </object>

        <object name="reel_frame">
            <visual>
                <mesh>
                    <spriteSheet>
                        <glyph id="reel_frame"/>
                    </spriteSheet>
                </mesh>
            </visual>
        </object>

        <object name="Payback Pig">
            <visual>
                <mesh>
                    <spriteSheet>
                        <glyph id="Payback Pig"/>
                    </spriteSheet>
                </mesh>
            </visual>
        </object>
        
        <object name="play_btn">
            <visual>
                <mesh>
                    <spriteSheet>
                        <glyph id="record_btn"/>
                    </spriteSheet>
                </mesh>
            </visual>
        </object>
        
        <object name="play_btn_active_overlay">
            <visual>
                <mesh>
                    <spriteSheet>
                        <glyph id="record_btn_active_overlay"/>
                    </spriteSheet>
                </mesh>
            </visual>
        </object>
        
        <object name="play_btn_disabled_overlay">
            <visual>
                <mesh>
                    <spriteSheet>
                        <glyph id="record_btn_disabled_overlay"/>
                    </spriteSheet>
                </mesh>
            </visual>
        </object>
        
        <object name="play_btn_txt">
            <visual>
                <mesh>
                    <spriteSheet>
                        <glyph id="play_btn_text"/>
                        <glyph id="stop_btn_text"/>
                    </spriteSheet>
                </mesh>
            </visual>
        </object>
        
        <object name="play_btn_sparkle">
            <visual>
                <mesh>
                    <spriteSheet glyphCount="10">
                        <glyph id="spin_btn_burst_%02i"/>
                    </spriteSheet>
                </mesh>
            </visual>
        </object>
        
        <object name="home_btn">
            <visual>
                <mesh>
                    <spriteSheet>
                        <glyph id="home_btn"/>
                    </spriteSheet>
                </mesh>
            </visual>
        </object>
        
        <object name="home_btn_active_overlay">
            <visual>
                <mesh>
                    <spriteSheet>
                        <glyph id="home_btn_active_overlay"/>
                    </spriteSheet>
                </mesh>
            </visual>
        </object>
        
        <object name="home_btn_disabled_overlay">
            <visual>
                <mesh>
                    <spriteSheet>
                        <glyph id="home_btn_disabled_overlay"/>
                    </spriteSheet>
                </mesh>
            </visual>
        </object>
        
        <object name="menu_btn">
            <visual>
                <mesh>
                    <spriteSheet>
                        <glyph id="menu_btn"/>
                    </spriteSheet>
                </mesh>
            </visual>
        </object>
        
        <object name="menu_btn_active_overlay">
            <visual>
                <mesh>
                    <spriteSheet>
                        <glyph id="menu_btn_active_overlay"/>
                    </spriteSheet>
                </mesh>
            </visual>
        </object>
        
        <object name="menu_btn_disabled_overlay">
            <visual>
                <mesh>
                    <spriteSheet>
                        <glyph id="menu_btn_disabled_overlay"/>
                    </spriteSheet>
                </mesh>
            </visual>
        </object>

        <object name="buy_btn">
            <visual>
                <mesh>
                    <spriteSheet>
                        <glyph id="buy_btn"/>
                    </spriteSheet>
                </mesh>
            </visual>
        </object>
        
        <object name="buy_btn_active_overlay">
            <visual>
                <mesh>
                    <spriteSheet>
                        <glyph id="buy_btn_active_overlay"/>
                    </spriteSheet>
                </mesh>
            </visual>
        </object>
        
        <object name="buy_btn_disabled_overlay">
            <visual>
                <mesh>
                    <spriteSheet>
                        <glyph id="buy_btn_disabled_overlay"/>
                    </spriteSheet>
                </mesh>
            </visual>
        </object>
        
        <object name="arrow_btn">
            <visual>
                <mesh>
                    <spriteSheet>
                        <glyph id="arrow_btn"/>
                    </spriteSheet>
                </mesh>
            </visual>
        </object>
        
        <object name="arrow_btn_active_overlay">
            <visual>
                <mesh>
                    <spriteSheet>
                        <glyph id="arrow_btn_active_overlay"/>
                    </spriteSheet>
                </mesh>
            </visual>
        </object>
        
        <object name="arrow_btn_disabled_overlay">
            <visual>
                <mesh>
                    <spriteSheet>
                        <glyph id="arrow_btn_disabled_overlay"/>
                    </spriteSheet>
                </mesh>
            </visual>
        </object>
        
        <object name="total_bet_meter">
            <visual>
                <mesh>
                    <spriteSheet>
                        <glyph id="total_bet_meter"/>
                    </spriteSheet>
                </mesh>
            </visual>
        </object>
        
        <object name="total_bet_meter_active_overlay">
            <visual>
                <mesh>
                    <spriteSheet>
                        <glyph id="total_bet_meter_active_overlay"/>
                    </spriteSheet>
                </mesh>
            </visual>
        </object>
        
        <object name="total_bet_meter_disabled_overlay">
            <visual>
                <mesh>
                    <spriteSheet>
                        <glyph id="total_bet_meter_disabled_overlay"/>
                    </spriteSheet>
                </mesh>
            </visual>
        </object>
        
        <object name="credit_meter">
            <visual>
                <mesh>
                    <spriteSheet>
                        <glyph id="credit_meter"/>
                    </spriteSheet>
                </mesh>
            </visual>
        </object>
        
        <object name="win_meter">
            <visual>
                <mesh>
                    <spriteSheet>
                        <glyph id="win_meter"/>
                    </spriteSheet>
                </mesh>
            </visual>
        </object>
        
        <object name="level_meter">
            <visual>
                <mesh>
                    <spriteSheet>
                        <glyph id="level_meter"/>
                    </spriteSheet>
                </mesh>
            </visual>
        </object>
        
    </objectList>

</objectDataList2D>

