<objectDataList2D>

    <!-- DEFAULT DEFAULT DEFAULT DEFAULT DEFAULT DEFAULT DEFAULT DEFAULT -->
    <default  name="">
        <visual>
            <texture count="0" file="" compressed="false"/>
            <mesh genType="quad">
                <spriteSheet defIndex="0" glyphCount="0" columns="0"/>
                <scaledFrame thicknessWidth="" thicknessHeight="" centerQuad="" frameBottom=""/>
                <file name=""/>
            </mesh>
            <color r="1" g="1" b="1" a="1"/>
            <shader id="shader_2d"/>
        </visual>
        <physics world="">
            <body type="" linearDamping="0" angularDamping="0" fixedRotation="false"/>
            <fixtureLst>
                <fixture shape="" radius="0" chainLoop="false" friction="0.2" density="0.2" restitution="0.2">
                    <!-- <collisionFilter categoryBits="" maskBits="" groupIndex=""/> -->
                    <!-- <vertLst>
                    vert list for polygon shapes - max of 8
                    Box2D polygons are defined using Counter Clockwise Winding (CCW)
                    <vert x="" y=""/>
                    </vertLst> -->
                    <sizeMod top="0" bottom="0" left="0" right="0"/>
                </fixture>
            </fixtureLst>
        </physics>
        <size width="0" height="0"/>
    </default>
    <!-- DEFAULT DEFAULT DEFAULT DEFAULT DEFAULT DEFAULT DEFAULT DEFAULT -->
  
    <objectList>
        
        <object name="meter_font">
            <visual>
                <mesh genType="font">
                    <file name=""/>
                </mesh>
                <color r="143" g="179" b="218" a="1"/>
            </visual>
        </object>
        
        <object name="cycle_results_font">
            <visual>
                <mesh genType="font">
                    <file name=""/>
                </mesh>
            </visual>
        </object>
        
        <object name="reel_strip_mask_vert_4">
            <visual>
                <shader id="shader_solid_2d"/>
            </visual>
            <size width="281" height="790"/>
        </object>

    </objectList>

</objectDataList2D>

