<objectDataList2D>

    <!-- DEFAULT DEFAULT DEFAULT DEFAULT DEFAULT DEFAULT DEFAULT DEFAULT -->
    <default  name="">
        <visual>
            <texture count="0" file="" compressed="false"/>
            <mesh genType="quad">
                <quad uv.x1="0" uv.y1="0" uv.x2="1" uv.y2="1"/>
                <spriteSheet defIndex="0" glyphCount="0" columns="0"/>
                <scaledFrame thicknessWidth="" thicknessHeight="" centerQuad="" frameBottom=""/>
                <file name=""/>
            </mesh>
            <color r="1" g="1" b="1" a="1"/>
            <shader id="shader_2d"/>
        </visual>
        <physics world="">
            <body type="" linearDamping="0" angularDamping="0" fixedRotation="false"/>
            <fixtureLst>
                <fixture shape="" radius="0" chainLoop="false" friction="0.2" density="0.2" restitution="0.2">
                    <!-- vert list for polygon shapes - max of 8
                    Box2D polygons are defined using Counter Clockwise Winding (CCW)
                    <vert x="" y=""/> -->
                    <sizeMod top="0" bottom="0" left="0" right="0"/>
                </fixture>
            </fixtureLst>
        </physics>
        <size width="0" height="0"/>
    </default>
    <!-- DEFAULT DEFAULT DEFAULT DEFAULT DEFAULT DEFAULT DEFAULT DEFAULT -->
  
    <objectList>

        <object name="label_font">
            <visual>
                <mesh genType="font"/>
                <color r="64" g="125" b="192" a="1"/>
            </visual>
        </object>

        <object name="control_font">
            <visual>
                <mesh genType="font"/>
                <color r="64" g="125" b="192" a="1"/>
            </visual>
        </object>

        <object name="300x55_button_frame">
            <visual>
                <texture file="data/textures/menu/16x16_3_pixel_frame.png"/>
                <mesh genType="scaled_frame">
                    <scaledFrame thicknessWidth="5" thicknessHeight="5" centerQuad="false"/>
                </mesh>
                <color r="48" g="97" b="153" a="217"/>
            </visual>
            <size width="300" height="55"/>
        </object>

        <object name="275x55_button_frame">
            <visual>
                <texture file="data/textures/menu/16x16_3_pixel_frame.png"/>
                <mesh genType="scaled_frame">
                    <scaledFrame thicknessWidth="5" thicknessHeight="5" centerQuad="false"/>
                </mesh>
                <color r="48" g="97" b="153" a="217"/>
            </visual>
            <size width="275" height="55"/>
        </object>

        <object name="275x55_button_solid">
            <visual>
                <shader id="shader_solid_2d"/>
                <color r="25" g="54" b="84" a="0.8"/>
            </visual>
            <size width="271" height="51"/>
        </object>

        <object name="145x55_button_frame">
            <visual>
                <texture file="data/textures/menu/16x16_3_pixel_frame.png"/>
                <mesh genType="scaled_frame">
                    <scaledFrame thicknessWidth="5" thicknessHeight="5" centerQuad="false"/>
                </mesh>
                <color r="48" g="97" b="153" a="1"/>
            </visual>
            <size width="145" height="55"/>
        </object>

        <object name="145x55_button_solid">
            <visual>
                <shader id="shader_solid_2d"/>
                <color r="25" g="54" b="84" a="0.8"/>
            </visual>
            <size width="141" height="51"/>
        </object>
    
        <object name="125x55_button_frame">
            <visual>
                <texture file="data/textures/menu/16x16_3_pixel_frame.png"/>
                <mesh genType="scaled_frame">
                    <scaledFrame thicknessWidth="5" thicknessHeight="5" centerQuad="false"/>
                </mesh>
                <color r="48" g="97" b="153" a="1"/>
            </visual>
            <size width="125" height="55"/>
        </object>

        <object name="125x55_button_solid">
            <visual>
                <shader id="shader_solid_2d"/>
                <color r="25" g="54" b="84" a="0.8"/>
            </visual>
            <size width="121" height="51"/>
        </object>

        <object name="245x55_check_box_button_frame">
            <visual>
                <texture file="data/textures/menu/16x16_3_pixel_frame.png"/>
                <mesh genType="scaled_frame">
                    <scaledFrame thicknessWidth="5" thicknessHeight="5" centerQuad="false"/>
                </mesh>
                <color r="48" g="97" b="153" a="1"/>
            </visual>
            <size width="245" height="55"/>
        </object>

        <object name="check_box_frame">
            <visual>
                <texture file="data/textures/menu/16x16_2_pixel_frame.png"/>
                <mesh genType="scaled_frame">
                    <scaledFrame thicknessWidth="5" thicknessHeight="5" centerQuad="false"/>
                </mesh>
                <color r="48" g="97" b="153" a="1"/>
            </visual>
            <size width="26" height="26"/>
        </object>

        <object name="check_box">
            <visual>
                <texture file="data/textures/menu/check.png"/>
                <color r="48" g="97" b="153" a="1"/>
            </visual>
        </object>

        <object name="mouse_only_button_solid">
            <visual>
                <shader id="shader_solid_2d"/>
                <color r="25" g="54" b="84" a="0.8"/>
            </visual>
            <size width="19" height="19"/>
        </object>

        <object name="mouse_close_button_face">
            <visual>
                <texture file="data/textures/menu/close_button.png"/>
                <color r="64" g="125" b="192" a="1"/>
            </visual>
        </object>

        <object name="mouse_back_button_face">
            <visual>
                <texture file="data/textures/menu/back_button.png"/>
                <color r="64" g="125" b="192" a="1"/>
            </visual>
        </object>

        <object name="key_binding_button_frame">
            <visual>
                <texture file="data/textures/menu/16x16_3_pixel_frame.png"/>
                <mesh genType="scaled_frame_mesh_file">
                    <scaledFrame thicknessWidth="5" thicknessHeight="5" centerQuad="false"/>
                    <file name="data/objects/2d/menu/mesh/key_binding_button_frame.2dm"/>
                </mesh>
                <color r="48" g="97" b="153" a="217"/>
            </visual>
            <size width="908" height="40"/>
        </object>

        <object name="key_binding_button_solid">
            <visual>
                <shader id="shader_solid_2d"/>
                <color r="25" g="54" b="84" a="0.8"/>
            </visual>
            <size width="904" height="36"/>
        </object>

        <object name="key_binding_scroll_box_mask">
            <visual>
                <shader id="shader_solid_2d"/>
                <color r="1" g="1" b="1" a="1"/>
            </visual>
            <size width="916" height="548"/>
        </object>
        
        <object name="key_binding_reset_button_frame">
            <visual>
                <texture file="data/textures/menu/16x16_3_pixel_frame.png"/>
                <mesh genType="scaled_frame">
                    <scaledFrame thicknessWidth="5" thicknessHeight="5" centerQuad="false"/>
                </mesh>
                <color r="48" g="97" b="153" a="217"/>
            </visual>
            <size width="908" height="40"/>
        </object>

    </objectList>

</objectDataList2D>

