<objectDataList2D>

    <!-- DEFAULT DEFAULT DEFAULT DEFAULT DEFAULT DEFAULT DEFAULT DEFAULT -->
    <default  name="">
        <visual>
            <texture count="0" file="" compressed="false"/>
            <mesh genType="quad">
                <quad uv.x1="0" uv.y1="0" uv.x2="1" uv.y2="1"/>
                <spriteSheet defIndex="0" glyphCount="0" columns="0"/>
                <scaledFrame thicknessWidth="" thicknessHeight="" centerQuad="" frameBottom=""/>
                <file name=""/>
            </mesh>
            <color r="1" g="1" b="1" a="1"/>
      <shader id="load_shader_2d"/>
        </visual>
        <physics world="">
            <body type="" linearDamping="0" angularDamping="0" fixedRotation="false"/>
            <fixtureLst>
                <fixture shape="" radius="0" chainLoop="false" friction="0.2" density="0.2" restitution="0.2">
                    <!-- vert list for polygon shapes - max of 8
                    Box2D polygons are defined using Counter Clockwise Winding (CCW)
                    <vert x="" y=""/> -->
                    <sizeMod top="0" bottom="0" left="0" right="0"/>
                </fixture>
            </fixtureLst>
        </physics>
        <size width="0" height="0"/>
    </default>
    <!-- DEFAULT DEFAULT DEFAULT DEFAULT DEFAULT DEFAULT DEFAULT DEFAULT -->
  
    <objectList>
        <!--
            <object name="logo">
              <visual>
                <texture file="data/textures/startup/logo.png"/>
              </visual>
            </object>
        -->
        <object name="waffles">
            <visual>
                <texture file="data/textures/startup/waffles.png"/>
            </visual>
        </object>

    </objectList>

</objectDataList2D>

